TN:
SF:src/main/ts/index.ts
FNF:0
FNH:0
DA:1,1
DA:2,1
DA:3,1
DA:4,1
DA:5,1
LF:5
LH:5
BRF:0
BRH:0
end_of_record
TN:
SF:src/main/ts/ps.ts
FN:17,parse
FN:22,parse
FN:27,parse
FN:79,lookup
FN:83,lookupSync
FN:88,_lookup
FN:98,callback
FN:109,run
FN:115,tree
FN:119,treeSync
FN:124,_tree
FN:133,onData
FN:140,onError
FN:164,sharedSnapshot
FN:177,pickTree
FN:191,kill
FN:200,settle
FN:219,poll
FN:234,normalizeOutput
FN:250,filterProcessList
FN:264,removeWmicPrefix
FN:274,isBin
FN:294,makeDeferred
FN:301,makeSyncDeferred
FN:303,resolve
FN:304,reject
FN:307,noop
FNF:27
FNH:23
FNDA:0,parse
FNDA:28,parse
FNDA:0,parse
FNDA:19,lookup
FNDA:2,lookupSync
FNDA:28,_lookup
FNDA:28,callback
FNDA:23,run
FNDA:4,tree
FNDA:3,treeSync
FNDA:11,_tree
FNDA:7,onData
FNDA:0,onError
FNDA:9,sharedSnapshot
FNDA:10,pickTree
FNDA:10,kill
FNDA:7,settle
FNDA:9,poll
FNDA:36,normalizeOutput
FNDA:33,filterProcessList
FNDA:2,removeWmicPrefix
FNDA:6592,isBin
FNDA:30,makeDeferred
FNDA:5,makeSyncDeferred
FNDA:5,resolve
FNDA:0,reject
FNDA:34,noop
DA:1,1
DA:2,1
DA:3,1
DA:4,1
DA:5,1
DA:6,1
DA:7,1
DA:8,1
DA:9,1
DA:10,1
DA:11,1
DA:12,1
DA:13,1
DA:14,1
DA:15,1
DA:16,1
DA:17,1
DA:18,1
DA:19,1
DA:20,1
DA:21,1
DA:22,1
DA:23,1
DA:24,1
DA:25,1
DA:26,1
DA:27,1
DA:28,0
DA:29,0
DA:30,0
DA:31,0
DA:32,0
DA:33,0
DA:34,0
DA:35,0
DA:36,0
DA:37,0
DA:38,1
DA:39,1
DA:40,1
DA:41,1
DA:42,1
DA:43,1
DA:44,1
DA:45,1
DA:46,1
DA:47,1
DA:48,1
DA:49,1
DA:50,1
DA:51,1
DA:52,1
DA:53,1
DA:54,1
DA:55,1
DA:56,1
DA:57,1
DA:58,1
DA:59,1
DA:60,1
DA:61,1
DA:62,1
DA:63,1
DA:64,1
DA:65,1
DA:66,1
DA:67,1
DA:68,1
DA:69,1
DA:70,1
DA:71,1
DA:72,1
DA:73,1
DA:74,1
DA:75,1
DA:76,1
DA:77,1
DA:78,1
DA:79,1
DA:80,19
DA:81,1
DA:82,1
DA:83,1
DA:84,2
DA:85,1
DA:86,1
DA:87,1
DA:88,1
DA:89,28
DA:90,28
DA:91,28
DA:92,28
DA:93,28
DA:94,28
DA:95,28
DA:96,28
DA:97,28
DA:98,28
DA:99,28
DA:100,0
DA:101,0
DA:102,0
DA:103,0
DA:104,28
DA:105,28
DA:106,28
DA:107,28
DA:108,28
DA:109,28
DA:110,28
DA:111,28
DA:112,28
DA:113,1
DA:114,1
DA:115,1
DA:116,4
DA:117,1
DA:118,1
DA:119,1
DA:120,3
DA:121,1
DA:122,1
DA:123,1
DA:124,1
DA:125,11
DA:126,11
DA:127,11
DA:128,11
DA:129,11
DA:130,4
DA:131,4
DA:132,7
DA:133,7
DA:134,7
DA:135,7
DA:136,7
DA:137,7
DA:138,7
DA:139,7
DA:140,7
DA:141,0
DA:142,0
DA:143,0
DA:144,7
DA:145,7
DA:146,7
DA:147,7
DA:148,11
DA:149,11
DA:150,11
DA:151,0
DA:152,0
DA:153,0
DA:154,11
DA:155,1
DA:156,1
DA:157,1
DA:158,1
DA:159,1
DA:160,1
DA:161,1
DA:162,1
DA:163,1
DA:164,1
DA:165,9
DA:166,9
DA:167,9
DA:168,9
DA:169,9
DA:170,9
DA:171,9
DA:172,9
DA:173,9
DA:174,9
DA:175,9
DA:176,1
DA:177,1
DA:178,10
DA:179,10
DA:180,10
DA:181,10
DA:182,10
DA:183,10
DA:184,1
DA:185,1
DA:186,1
DA:187,1
DA:188,1
DA:189,1
DA:190,1
DA:191,1
DA:192,10
DA:193,10
DA:194,7
DA:195,7
DA:196,10
DA:197,10
DA:198,10
DA:199,10
DA:200,10
DA:201,7
DA:202,7
DA:203,7
DA:204,7
DA:205,3
DA:206,7
DA:207,7
DA:208,10
DA:209,10
DA:210,10
DA:211,10
DA:212,3
DA:213,3
DA:214,3
DA:215,4
DA:216,4
DA:217,4
DA:218,4
DA:219,4
DA:220,9
DA:221,9
DA:222,8
DA:223,9
DA:224,5
DA:225,9
DA:226,3
DA:227,3
DA:228,9
DA:229,4
DA:230,4
DA:231,4
DA:232,4
DA:233,1
DA:234,1
DA:235,36
DA:236,5508
DA:237,5508
DA:238,5508
DA:239,5508
DA:240,5508
DA:241,5508
DA:242,5506
DA:243,5506
DA:244,5508
DA:245,5508
DA:246,5508
DA:247,5508
DA:248,5508
DA:249,1
DA:250,1
DA:251,33
DA:252,33
DA:253,33
DA:254,33
DA:255,33
DA:256,33
DA:257,4961
DA:258,4961
DA:259,4961
DA:260,3217
DA:261,33
DA:262,33
DA:263,1
DA:264,1
DA:265,2
DA:266,2
DA:267,2
DA:268,2
DA:269,2
DA:270,2
DA:271,2
DA:272,2
DA:273,1
DA:274,1
DA:275,6592
DA:276,6592
DA:277,6592
DA:278,6592
DA:279,666
DA:280,6592
DA:281,664
DA:282,6592
DA:283,6592
DA:284,0
DA:285,0
DA:286,6592
DA:287,1
DA:288,1
DA:289,1
DA:290,1
DA:291,1
DA:292,1
DA:293,1
DA:294,1
DA:295,30
DA:296,30
DA:297,30
DA:298,30
DA:299,30
DA:300,1
DA:301,1
DA:302,5
DA:303,5
DA:304,5
DA:305,5
DA:306,1
DA:307,1
LF:307
LH:285
BRDA:8,0,0,0
BRDA:42,1,0,0
BRDA:22,2,0,28
BRDA:79,3,0,19
BRDA:83,4,0,2
BRDA:88,5,0,28
BRDA:93,6,0,5
BRDA:93,7,0,23
BRDA:96,8,0,1
BRDA:96,9,0,27
BRDA:98,10,0,28
BRDA:99,11,0,0
BRDA:109,12,0,23
BRDA:115,13,0,4
BRDA:119,14,0,3
BRDA:124,15,0,11
BRDA:129,16,0,10
BRDA:129,17,0,4
BRDA:132,18,0,7
BRDA:148,19,0,3
BRDA:149,20,0,4
BRDA:150,21,0,0
BRDA:133,22,0,7
BRDA:134,23,0,1
BRDA:135,24,0,6
BRDA:135,25,0,4
BRDA:164,26,0,9
BRDA:165,27,0,0
BRDA:165,28,0,0
BRDA:166,29,0,0
BRDA:167,30,0,0
BRDA:168,31,0,9
BRDA:171,32,0,9
BRDA:173,33,0,9
BRDA:173,34,0,0
BRDA:177,35,0,10
BRDA:178,36,0,1789
BRDA:181,37,0,6
BRDA:181,38,0,4
BRDA:181,39,0,2
BRDA:191,40,0,10
BRDA:192,41,0,1
BRDA:193,42,0,9
BRDA:193,43,0,7
BRDA:193,44,0,2
BRDA:194,45,0,7
BRDA:196,46,0,3
BRDA:211,47,0,3
BRDA:215,48,0,4
BRDA:200,49,0,7
BRDA:201,50,0,0
BRDA:204,51,0,4
BRDA:205,52,0,3
BRDA:206,53,0,2
BRDA:206,54,0,1
BRDA:217,55,0,1
BRDA:219,56,0,9
BRDA:220,57,0,9
BRDA:221,58,0,1
BRDA:222,59,0,8
BRDA:223,60,0,5
BRDA:225,61,0,3
BRDA:223,62,0,1409
BRDA:234,63,0,36
BRDA:235,64,0,5508
BRDA:236,65,0,2
BRDA:236,66,0,5507
BRDA:237,67,0,3
BRDA:237,68,0,5506
BRDA:238,69,0,5507
BRDA:238,70,0,2
BRDA:238,71,0,1
BRDA:239,72,0,4425
BRDA:239,73,0,1083
BRDA:241,74,0,5507
BRDA:241,75,0,2
BRDA:242,76,0,5506
BRDA:244,77,0,4424
BRDA:244,78,0,1082
BRDA:245,79,0,4424
BRDA:245,80,0,1082
BRDA:243,81,0,6591
BRDA:250,82,0,33
BRDA:251,83,0,25
BRDA:251,84,0,8
BRDA:252,85,0,1
BRDA:252,86,0,32
BRDA:253,87,0,4
BRDA:253,88,0,29
BRDA:254,89,0,32
BRDA:254,90,0,1
BRDA:256,91,0,4961
BRDA:257,92,0,1223
BRDA:257,93,0,3744
BRDA:258,94,0,3
BRDA:258,95,0,3743
BRDA:259,96,0,534
BRDA:259,97,0,3217
BRDA:260,98,0,3
BRDA:264,99,0,2
BRDA:267,100,0,1
BRDA:268,101,0,1
BRDA:270,102,0,0
BRDA:274,103,0,6592
BRDA:275,104,0,5506
BRDA:276,105,0,1086
BRDA:276,106,0,421
BRDA:276,107,0,418
BRDA:277,108,0,668
BRDA:278,109,0,2
BRDA:278,110,0,1
BRDA:278,111,0,1
BRDA:279,112,0,666
BRDA:280,113,0,2
BRDA:281,114,0,664
BRDA:282,115,0,158
BRDA:283,116,0,0
BRDA:294,117,0,30
BRDA:297,118,0,30
BRDA:301,119,0,5
BRDA:303,120,0,5
BRDA:307,121,0,34
BRF:122
BRH:110
end_of_record
