TN:
SF:src/main/ts/index.ts
FNF:0
FNH:0
DA:1,1
DA:2,1
DA:3,1
DA:4,1
DA:5,1
LF:5
LH:5
BRF:0
BRH:0
end_of_record
TN:
SF:src/main/ts/ps.ts
FN:17,parse
FN:24,parse
FN:31,parse
FN:49,isBin
FN:98,lookup
FN:111,lookupSync
FN:116,_lookup
FN:130,callback
FN:146,run
FN:152,filterProcessList
FN:156,filters
FN:157,filters
FN:165,removeWmicPrefix
FN:180,pickTree
FN:188,_tree
FN:200,onError
FN:201,onData
FN:225,tree
FN:228,treeSync
FN:241,kill
FN:268,checkKilled
FN:308,normalizeOutput
FN:335,makeDeferred
FN:342,makePseudoDeferred
FN:346,reject
FN:351,noop
FN:353,identity
FNF:27
FNH:23
FNDA:0,parse
FNDA:22,parse
FNDA:0,parse
FNDA:5222,isBin
FNDA:15,lookup
FNDA:2,lookupSync
FNDA:22,_lookup
FNDA:22,callback
FNDA:18,run
FNDA:22,filterProcessList
FNDA:2100,filters
FNDA:1236,filters
FNDA:1,removeWmicPrefix
FNDA:8,pickTree
FNDA:7,_tree
FNDA:0,onError
FNDA:5,onData
FNDA:3,tree
FNDA:2,treeSync
FNDA:10,kill
FNDA:5,checkKilled
FNDA:26,normalizeOutput
FNDA:28,makeDeferred
FNDA:4,makePseudoDeferred
FNDA:0,reject
FNDA:21,noop
FNDA:4,identity
DA:1,1
DA:2,1
DA:3,1
DA:4,1
DA:5,1
DA:6,1
DA:7,1
DA:8,1
DA:9,1
DA:10,1
DA:11,1
DA:12,1
DA:13,1
DA:14,1
DA:15,1
DA:16,1
DA:17,1
DA:18,0
DA:19,0
DA:20,1
DA:21,1
DA:22,1
DA:23,1
DA:24,1
DA:25,22
DA:26,22
DA:27,1
DA:28,1
DA:29,1
DA:30,1
DA:31,1
DA:32,0
DA:33,0
DA:34,0
DA:35,0
DA:36,0
DA:37,0
DA:38,0
DA:39,0
DA:40,0
DA:41,0
DA:42,0
DA:43,0
DA:44,0
DA:45,1
DA:46,1
DA:47,1
DA:48,1
DA:49,1
DA:50,5222
DA:51,5222
DA:52,5222
DA:53,5222
DA:54,0
DA:55,0
DA:56,534
DA:57,5222
DA:58,534
DA:59,5222
DA:60,5222
DA:61,0
DA:62,0
DA:63,5222
DA:64,1
DA:65,1
DA:66,1
DA:67,1
DA:68,1
DA:69,1
DA:70,1
DA:71,1
DA:72,1
DA:73,1
DA:74,1
DA:75,1
DA:76,1
DA:77,1
DA:78,1
DA:79,1
DA:80,1
DA:81,1
DA:82,1
DA:83,1
DA:84,1
DA:85,1
DA:86,1
DA:87,1
DA:88,1
DA:89,1
DA:90,1
DA:91,1
DA:92,1
DA:93,1
DA:94,1
DA:95,1
DA:96,1
DA:97,1
DA:98,1
DA:99,15
DA:100,1
DA:101,1
DA:102,1
DA:103,1
DA:104,1
DA:105,1
DA:106,1
DA:107,1
DA:108,1
DA:109,1
DA:110,1
DA:111,1
DA:112,2
DA:113,1
DA:114,1
DA:115,1
DA:116,1
DA:117,22
DA:118,22
DA:119,22
DA:120,22
DA:121,22
DA:122,22
DA:123,22
DA:124,22
DA:125,22
DA:126,22
DA:127,22
DA:128,22
DA:129,22
DA:130,22
DA:131,22
DA:132,0
DA:133,0
DA:134,0
DA:135,0
DA:136,22
DA:137,22
DA:138,22
DA:139,22
DA:140,22
DA:141,22
DA:142,22
DA:143,22
DA:144,22
DA:145,22
DA:146,22
DA:147,22
DA:148,22
DA:149,22
DA:150,22
DA:151,1
DA:152,1
DA:153,22
DA:154,22
DA:155,22
DA:156,22
DA:157,22
DA:158,22
DA:159,22
DA:160,22
DA:161,3800
DA:162,22
DA:163,22
DA:164,1
DA:165,1
DA:166,1
DA:167,1
DA:168,1
DA:169,1
DA:170,1
DA:171,1
DA:172,1
DA:173,1
DA:174,1
DA:175,1
DA:176,1
DA:177,1
DA:178,1
DA:179,1
DA:180,1
DA:181,8
DA:182,8
DA:183,8
DA:184,8
DA:185,8
DA:186,8
DA:187,1
DA:188,1
DA:189,7
DA:190,7
DA:191,7
DA:192,7
DA:193,7
DA:194,7
DA:195,7
DA:196,7
DA:197,7
DA:198,2
DA:199,2
DA:200,5
DA:201,5
DA:202,5
DA:203,4
DA:204,4
DA:205,4
DA:206,4
DA:207,4
DA:208,4
DA:209,4
DA:210,5
DA:211,5
DA:212,5
DA:213,5
DA:214,7
DA:215,7
DA:216,0
DA:217,0
DA:218,3
DA:219,7
DA:220,0
DA:221,0
DA:222,0
DA:223,7
DA:224,1
DA:225,1
DA:226,3
DA:227,1
DA:228,1
DA:229,2
DA:230,1
DA:231,1
DA:232,1
DA:233,1
DA:234,1
DA:235,1
DA:236,1
DA:237,1
DA:238,1
DA:239,1
DA:240,1
DA:241,1
DA:242,10
DA:243,0
DA:244,0
DA:245,10
DA:246,0
DA:247,0
DA:248,10
DA:249,10
DA:250,10
DA:251,10
DA:252,10
DA:253,10
DA:254,10
DA:255,10
DA:256,10
DA:257,10
DA:258,0
DA:259,0
DA:260,0
DA:261,0
DA:262,0
DA:263,10
DA:264,10
DA:265,10
DA:266,10
DA:267,10
DA:268,10
DA:269,5
DA:270,5
DA:271,5
DA:272,5
DA:273,0
DA:274,0
DA:275,0
DA:276,0
DA:277,5
DA:278,5
DA:279,0
DA:280,0
DA:281,0
DA:282,5
DA:283,5
DA:284,5
DA:285,5
DA:286,1
DA:287,1
DA:288,1
DA:289,5
DA:290,4
DA:291,4
DA:292,5
DA:293,5
DA:294,10
DA:295,10
DA:296,1
DA:297,1
DA:298,0
DA:299,0
DA:300,1
DA:301,10
DA:302,9
DA:303,9
DA:304,10
DA:305,10
DA:306,10
DA:307,1
DA:308,1
DA:309,26
DA:310,4354
DA:311,4354
DA:312,4354
DA:313,4354
DA:314,4354
DA:315,4354
DA:316,4354
DA:317,4354
DA:318,4354
DA:319,4354
DA:320,4354
DA:321,4354
DA:322,4354
DA:323,4354
DA:324,4354
DA:325,4354
DA:326,4354
DA:327,4354
DA:328,4354
DA:329,26
DA:330,1
DA:331,1
DA:332,1
DA:333,1
DA:334,1
DA:335,1
DA:336,28
DA:337,28
DA:338,28
DA:339,28
DA:340,28
DA:341,1
DA:342,1
DA:343,4
DA:344,4
DA:345,4
DA:346,4
DA:347,0
DA:348,0
DA:349,4
DA:350,1
DA:351,1
DA:352,1
DA:353,1
LF:353
LH:305
BRDA:8,0,0,0
BRDA:24,1,0,22
BRDA:49,2,0,5222
BRDA:50,3,0,4354
BRDA:51,4,0,868
BRDA:51,5,0,334
BRDA:51,6,0,334
BRDA:52,7,0,534
BRDA:53,8,0,0
BRDA:56,9,0,534
BRDA:57,10,0,0
BRDA:58,11,0,534
BRDA:59,12,0,127
BRDA:60,13,0,0
BRDA:98,14,0,15
BRDA:111,15,0,2
BRDA:116,16,0,22
BRDA:125,17,0,4
BRDA:125,18,0,18
BRDA:128,19,0,0
BRDA:130,20,0,22
BRDA:131,21,0,0
BRDA:146,22,0,18
BRDA:152,23,0,22
BRDA:153,24,0,12
BRDA:153,25,0,10
BRDA:153,26,0,10
BRDA:155,27,0,2100
BRDA:155,28,0,0
BRDA:156,29,0,2100
BRDA:156,30,0,871
BRDA:156,31,0,1229
BRDA:157,32,0,1236
BRDA:157,33,0,0
BRDA:160,34,0,3800
BRDA:161,35,0,1703
BRDA:161,36,0,2100
BRDA:161,37,0,5436
BRDA:165,38,0,1
BRDA:169,39,0,0
BRDA:171,40,0,0
BRDA:180,41,0,8
BRDA:181,42,0,1412
BRDA:184,43,0,6
BRDA:184,44,0,4
BRDA:184,45,0,2
BRDA:188,46,0,7
BRDA:197,47,0,2
BRDA:200,48,0,5
BRDA:214,49,0,2
BRDA:215,50,0,3
BRDA:219,51,0,0
BRDA:201,52,0,5
BRDA:202,53,0,1
BRDA:203,54,0,4
BRDA:225,55,0,3
BRDA:228,56,0,2
BRDA:241,57,0,10
BRDA:242,58,0,0
BRDA:245,59,0,0
BRDA:253,60,0,9
BRDA:257,61,0,0
BRDA:295,62,0,1
BRDA:301,63,0,9
BRDA:268,64,0,5
BRDA:269,65,0,5
BRDA:270,66,0,0
BRDA:272,67,0,0
BRDA:278,68,0,0
BRDA:285,69,0,1
BRDA:289,70,0,4
BRDA:308,71,0,26
BRDA:309,72,0,4354
BRDA:310,73,0,0
BRDA:311,74,0,0
BRDA:312,75,0,0
BRDA:312,76,0,0
BRDA:313,77,0,3486
BRDA:313,78,0,868
BRDA:317,79,0,3486
BRDA:317,80,0,868
BRDA:318,81,0,3486
BRDA:318,82,0,868
BRDA:316,83,0,5222
BRDA:335,84,0,28
BRDA:338,85,0,28
BRDA:342,86,0,4
BRDA:351,87,0,21
BRDA:353,88,0,4
BRF:89
BRH:68
end_of_record
