TN:
SF:src/main/ts/index.ts
FNF:0
FNH:0
DA:1,1
DA:2,1
DA:3,1
DA:4,1
DA:5,1
LF:5
LH:5
BRF:0
BRH:0
end_of_record
TN:
SF:src/main/ts/ps.ts
FN:17,parse
FN:22,parse
FN:27,parse
FN:79,lookup
FN:83,lookupSync
FN:88,_lookup
FN:98,callback
FN:109,run
FN:115,tree
FN:119,treeSync
FN:124,_tree
FN:133,onData
FN:140,onError
FN:164,sharedSnapshot
FN:177,pickTree
FN:191,kill
FN:200,settle
FN:219,poll
FN:234,normalizeOutput
FN:250,filterProcessList
FN:264,removeWmicPrefix
FN:274,isBin
FN:294,makeDeferred
FN:301,makeSyncDeferred
FN:303,resolve
FN:304,reject
FN:307,noop
FNF:27
FNH:23
FNDA:0,parse
FNDA:46,parse
FNDA:0,parse
FNDA:37,lookup
FNDA:2,lookupSync
FNDA:46,_lookup
FNDA:46,callback
FNDA:41,run
FNDA:4,tree
FNDA:3,treeSync
FNDA:11,_tree
FNDA:7,onData
FNDA:0,onError
FNDA:29,sharedSnapshot
FNDA:10,pickTree
FNDA:12,kill
FNDA:9,settle
FNDA:29,poll
FNDA:54,normalizeOutput
FNDA:51,filterProcessList
FNDA:2,removeWmicPrefix
FNDA:10292,isBin
FNDA:50,makeDeferred
FNDA:5,makeSyncDeferred
FNDA:5,resolve
FNDA:0,reject
FNDA:52,noop
DA:1,1
DA:2,1
DA:3,1
DA:4,1
DA:5,1
DA:6,1
DA:7,1
DA:8,1
DA:9,1
DA:10,1
DA:11,1
DA:12,1
DA:13,1
DA:14,1
DA:15,1
DA:16,1
DA:17,1
DA:18,1
DA:19,1
DA:20,1
DA:21,1
DA:22,1
DA:23,1
DA:24,1
DA:25,1
DA:26,1
DA:27,1
DA:28,0
DA:29,0
DA:30,0
DA:31,0
DA:32,0
DA:33,0
DA:34,0
DA:35,0
DA:36,0
DA:37,0
DA:38,1
DA:39,1
DA:40,1
DA:41,1
DA:42,1
DA:43,1
DA:44,1
DA:45,1
DA:46,1
DA:47,1
DA:48,1
DA:49,1
DA:50,1
DA:51,1
DA:52,1
DA:53,1
DA:54,1
DA:55,1
DA:56,1
DA:57,1
DA:58,1
DA:59,1
DA:60,1
DA:61,1
DA:62,1
DA:63,1
DA:64,1
DA:65,1
DA:66,1
DA:67,1
DA:68,1
DA:69,1
DA:70,1
DA:71,1
DA:72,1
DA:73,1
DA:74,1
DA:75,1
DA:76,1
DA:77,1
DA:78,1
DA:79,1
DA:80,37
DA:81,1
DA:82,1
DA:83,1
DA:84,2
DA:85,1
DA:86,1
DA:87,1
DA:88,1
DA:89,46
DA:90,46
DA:91,46
DA:92,46
DA:93,46
DA:94,46
DA:95,46
DA:96,46
DA:97,46
DA:98,46
DA:99,46
DA:100,0
DA:101,0
DA:102,0
DA:103,0
DA:104,46
DA:105,46
DA:106,46
DA:107,46
DA:108,46
DA:109,46
DA:110,46
DA:111,46
DA:112,46
DA:113,1
DA:114,1
DA:115,1
DA:116,4
DA:117,1
DA:118,1
DA:119,1
DA:120,3
DA:121,1
DA:122,1
DA:123,1
DA:124,1
DA:125,11
DA:126,11
DA:127,11
DA:128,11
DA:129,11
DA:130,4
DA:131,4
DA:132,7
DA:133,7
DA:134,7
DA:135,7
DA:136,7
DA:137,7
DA:138,7
DA:139,7
DA:140,7
DA:141,0
DA:142,0
DA:143,0
DA:144,7
DA:145,7
DA:146,7
DA:147,7
DA:148,11
DA:149,11
DA:150,11
DA:151,0
DA:152,0
DA:153,0
DA:154,11
DA:155,1
DA:156,1
DA:157,1
DA:158,1
DA:159,1
DA:160,1
DA:161,1
DA:162,1
DA:163,1
DA:164,1
DA:165,29
DA:166,29
DA:167,29
DA:168,29
DA:169,27
DA:170,27
DA:171,27
DA:172,27
DA:173,27
DA:174,29
DA:175,29
DA:176,1
DA:177,1
DA:178,10
DA:179,10
DA:180,10
DA:181,10
DA:182,10
DA:183,10
DA:184,1
DA:185,1
DA:186,1
DA:187,1
DA:188,1
DA:189,1
DA:190,1
DA:191,1
DA:192,12
DA:193,12
DA:194,9
DA:195,9
DA:196,12
DA:197,12
DA:198,12
DA:199,12
DA:200,12
DA:201,9
DA:202,9
DA:203,9
DA:204,9
DA:205,4
DA:206,9
DA:207,9
DA:208,12
DA:209,12
DA:210,12
DA:211,12
DA:212,3
DA:213,3
DA:214,3
DA:215,6
DA:216,6
DA:217,6
DA:218,6
DA:219,6
DA:220,29
DA:221,29
DA:222,27
DA:223,29
DA:224,23
DA:225,29
DA:226,4
DA:227,4
DA:228,29
DA:229,6
DA:230,6
DA:231,6
DA:232,6
DA:233,1
DA:234,1
DA:235,54
DA:236,8599
DA:237,8599
DA:238,8599
DA:239,8599
DA:240,8599
DA:241,8599
DA:242,8597
DA:243,8597
DA:244,8599
DA:245,8599
DA:246,8599
DA:247,8599
DA:248,8599
DA:249,1
DA:250,1
DA:251,51
DA:252,51
DA:253,51
DA:254,51
DA:255,51
DA:256,51
DA:257,8058
DA:258,8058
DA:259,8058
DA:260,6350
DA:261,51
DA:262,51
DA:263,1
DA:264,1
DA:265,2
DA:266,2
DA:267,2
DA:268,2
DA:269,2
DA:270,2
DA:271,2
DA:272,2
DA:273,1
DA:274,1
DA:275,10292
DA:276,10292
DA:277,10292
DA:278,10292
DA:279,1042
DA:280,10292
DA:281,1040
DA:282,10292
DA:283,10292
DA:284,0
DA:285,0
DA:286,10292
DA:287,1
DA:288,1
DA:289,1
DA:290,1
DA:291,1
DA:292,1
DA:293,1
DA:294,1
DA:295,50
DA:296,50
DA:297,50
DA:298,50
DA:299,50
DA:300,1
DA:301,1
DA:302,5
DA:303,5
DA:304,5
DA:305,5
DA:306,1
DA:307,1
LF:307
LH:285
BRDA:8,0,0,0
BRDA:42,1,0,0
BRDA:22,2,0,46
BRDA:79,3,0,37
BRDA:83,4,0,2
BRDA:88,5,0,46
BRDA:93,6,0,5
BRDA:93,7,0,41
BRDA:96,8,0,1
BRDA:96,9,0,45
BRDA:98,10,0,46
BRDA:99,11,0,0
BRDA:109,12,0,41
BRDA:115,13,0,4
BRDA:119,14,0,3
BRDA:124,15,0,11
BRDA:129,16,0,10
BRDA:129,17,0,4
BRDA:132,18,0,7
BRDA:148,19,0,3
BRDA:149,20,0,4
BRDA:150,21,0,0
BRDA:133,22,0,7
BRDA:134,23,0,1
BRDA:135,24,0,6
BRDA:135,25,0,4
BRDA:164,26,0,29
BRDA:165,27,0,2
BRDA:165,28,0,2
BRDA:166,29,0,27
BRDA:166,30,0,0
BRDA:167,31,0,27
BRDA:167,32,0,0
BRDA:167,33,0,27
BRDA:168,34,0,27
BRDA:171,35,0,27
BRDA:173,36,0,27
BRDA:173,37,0,0
BRDA:177,38,0,10
BRDA:178,39,0,1759
BRDA:181,40,0,6
BRDA:181,41,0,4
BRDA:181,42,0,2
BRDA:191,43,0,12
BRDA:192,44,0,1
BRDA:193,45,0,11
BRDA:193,46,0,9
BRDA:193,47,0,2
BRDA:194,48,0,9
BRDA:196,49,0,3
BRDA:211,50,0,3
BRDA:215,51,0,6
BRDA:200,52,0,9
BRDA:201,53,0,0
BRDA:204,54,0,5
BRDA:205,55,0,4
BRDA:206,56,0,2
BRDA:206,57,0,1
BRDA:217,58,0,2
BRDA:219,59,0,29
BRDA:220,60,0,29
BRDA:221,61,0,2
BRDA:222,62,0,27
BRDA:223,63,0,23
BRDA:225,64,0,4
BRDA:223,65,0,4715
BRDA:234,66,0,54
BRDA:235,67,0,8599
BRDA:236,68,0,2
BRDA:236,69,0,8598
BRDA:237,70,0,3
BRDA:237,71,0,8597
BRDA:238,72,0,8598
BRDA:238,73,0,2
BRDA:238,74,0,1
BRDA:239,75,0,6907
BRDA:239,76,0,1692
BRDA:241,77,0,8598
BRDA:241,78,0,2
BRDA:242,79,0,8597
BRDA:244,80,0,6906
BRDA:244,81,0,1691
BRDA:245,82,0,6906
BRDA:245,83,0,1691
BRDA:243,84,0,10291
BRDA:250,85,0,51
BRDA:251,86,0,43
BRDA:251,87,0,8
BRDA:252,88,0,1
BRDA:252,89,0,50
BRDA:253,90,0,4
BRDA:253,91,0,47
BRDA:254,92,0,50
BRDA:254,93,0,1
BRDA:256,94,0,8058
BRDA:257,95,0,1197
BRDA:257,96,0,6867
BRDA:258,97,0,3
BRDA:258,98,0,6866
BRDA:259,99,0,524
BRDA:259,100,0,6350
BRDA:260,101,0,3
BRDA:264,102,0,2
BRDA:267,103,0,1
BRDA:268,104,0,1
BRDA:270,105,0,0
BRDA:274,106,0,10292
BRDA:275,107,0,8597
BRDA:276,108,0,1695
BRDA:276,109,0,654
BRDA:276,110,0,651
BRDA:277,111,0,1044
BRDA:278,112,0,2
BRDA:278,113,0,1
BRDA:278,114,0,1
BRDA:279,115,0,1042
BRDA:280,116,0,2
BRDA:281,117,0,1040
BRDA:282,118,0,247
BRDA:283,119,0,0
BRDA:294,120,0,50
BRDA:297,121,0,50
BRDA:301,122,0,5
BRDA:303,123,0,5
BRDA:307,124,0,52
BRF:125
BRH:115
end_of_record
