TN:
SF:src/main/ts/index.ts
FNF:0
FNH:0
DA:1,1
DA:2,1
DA:3,1
DA:4,1
DA:5,1
LF:5
LH:5
BRF:0
BRH:0
end_of_record
TN:
SF:src/main/ts/ps.ts
FN:17,parse
FN:24,parse
FN:31,parse
FN:49,isBin
FN:98,lookup
FN:111,lookupSync
FN:116,_lookup
FN:134,callback
FN:150,run
FN:156,filterProcessList
FN:160,filters
FN:161,filters
FN:169,removeWmicPrefix
FN:184,pickTree
FN:192,_tree
FN:204,onError
FN:205,onData
FN:229,tree
FN:232,treeSync
FN:246,kill
FN:273,checkKilled
FN:313,normalizeOutput
FN:340,makeDeferred
FN:347,makePseudoDeferred
FN:351,reject
FN:356,noop
FN:358,identity
FNF:27
FNH:23
FNDA:0,parse
FNDA:22,parse
FNDA:0,parse
FNDA:836,isBin
FNDA:15,lookup
FNDA:2,lookupSync
FNDA:22,_lookup
FNDA:22,callback
FNDA:18,run
FNDA:22,filterProcessList
FNDA:241,filters
FNDA:152,filters
FNDA:1,removeWmicPrefix
FNDA:8,pickTree
FNDA:7,_tree
FNDA:0,onError
FNDA:5,onData
FNDA:3,tree
FNDA:2,treeSync
FNDA:10,kill
FNDA:5,checkKilled
FNDA:22,normalizeOutput
FNDA:28,makeDeferred
FNDA:4,makePseudoDeferred
FNDA:0,reject
FNDA:21,noop
FNDA:4,identity
DA:1,1
DA:2,1
DA:3,1
DA:4,1
DA:5,1
DA:6,1
DA:7,1
DA:8,1
DA:9,1
DA:10,1
DA:11,1
DA:12,1
DA:13,1
DA:14,1
DA:15,1
DA:16,1
DA:17,1
DA:18,0
DA:19,0
DA:20,1
DA:21,1
DA:22,1
DA:23,1
DA:24,1
DA:25,22
DA:26,22
DA:27,1
DA:28,1
DA:29,1
DA:30,1
DA:31,1
DA:32,0
DA:33,0
DA:34,0
DA:35,0
DA:36,0
DA:37,0
DA:38,0
DA:39,0
DA:40,0
DA:41,0
DA:42,0
DA:43,0
DA:44,0
DA:45,1
DA:46,1
DA:47,1
DA:48,1
DA:49,1
DA:50,836
DA:51,836
DA:52,836
DA:53,836
DA:54,0
DA:55,0
DA:56,169
DA:57,836
DA:58,169
DA:59,836
DA:60,836
DA:61,0
DA:62,0
DA:63,836
DA:64,1
DA:65,1
DA:66,1
DA:67,1
DA:68,1
DA:69,1
DA:70,1
DA:71,1
DA:72,1
DA:73,1
DA:74,1
DA:75,1
DA:76,1
DA:77,1
DA:78,1
DA:79,1
DA:80,1
DA:81,1
DA:82,1
DA:83,1
DA:84,1
DA:85,1
DA:86,1
DA:87,1
DA:88,1
DA:89,1
DA:90,1
DA:91,1
DA:92,1
DA:93,1
DA:94,1
DA:95,1
DA:96,1
DA:97,1
DA:98,1
DA:99,15
DA:100,1
DA:101,1
DA:102,1
DA:103,1
DA:104,1
DA:105,1
DA:106,1
DA:107,1
DA:108,1
DA:109,1
DA:110,1
DA:111,1
DA:112,2
DA:113,1
DA:114,1
DA:115,1
DA:116,1
DA:117,22
DA:118,22
DA:119,22
DA:120,22
DA:121,22
DA:122,22
DA:123,22
DA:124,22
DA:125,22
DA:126,22
DA:127,22
DA:128,22
DA:129,22
DA:130,22
DA:131,22
DA:132,22
DA:133,22
DA:134,22
DA:135,22
DA:136,0
DA:137,0
DA:138,0
DA:139,0
DA:140,22
DA:141,22
DA:142,22
DA:143,22
DA:144,22
DA:145,22
DA:146,22
DA:147,22
DA:148,22
DA:149,22
DA:150,22
DA:151,22
DA:152,22
DA:153,22
DA:154,22
DA:155,1
DA:156,1
DA:157,22
DA:158,22
DA:159,22
DA:160,22
DA:161,22
DA:162,22
DA:163,22
DA:164,22
DA:165,451
DA:166,22
DA:167,22
DA:168,1
DA:169,1
DA:170,1
DA:171,1
DA:172,1
DA:173,1
DA:174,1
DA:175,1
DA:176,1
DA:177,1
DA:178,1
DA:179,1
DA:180,1
DA:181,1
DA:182,1
DA:183,1
DA:184,1
DA:185,8
DA:186,8
DA:187,8
DA:188,8
DA:189,8
DA:190,8
DA:191,1
DA:192,1
DA:193,7
DA:194,7
DA:195,7
DA:196,7
DA:197,7
DA:198,7
DA:199,7
DA:200,7
DA:201,7
DA:202,2
DA:203,2
DA:204,5
DA:205,5
DA:206,5
DA:207,4
DA:208,4
DA:209,4
DA:210,4
DA:211,4
DA:212,4
DA:213,4
DA:214,5
DA:215,5
DA:216,5
DA:217,5
DA:218,7
DA:219,7
DA:220,0
DA:221,0
DA:222,3
DA:223,7
DA:224,0
DA:225,0
DA:226,0
DA:227,7
DA:228,1
DA:229,1
DA:230,3
DA:231,1
DA:232,1
DA:233,2
DA:234,1
DA:235,1
DA:236,1
DA:237,1
DA:238,1
DA:239,1
DA:240,1
DA:241,1
DA:242,1
DA:243,1
DA:244,1
DA:245,1
DA:246,1
DA:247,10
DA:248,0
DA:249,0
DA:250,10
DA:251,0
DA:252,0
DA:253,10
DA:254,10
DA:255,10
DA:256,10
DA:257,10
DA:258,10
DA:259,10
DA:260,10
DA:261,10
DA:262,10
DA:263,0
DA:264,0
DA:265,0
DA:266,0
DA:267,0
DA:268,10
DA:269,10
DA:270,10
DA:271,10
DA:272,10
DA:273,10
DA:274,5
DA:275,5
DA:276,5
DA:277,5
DA:278,0
DA:279,0
DA:280,0
DA:281,0
DA:282,5
DA:283,5
DA:284,0
DA:285,0
DA:286,0
DA:287,5
DA:288,5
DA:289,5
DA:290,5
DA:291,1
DA:292,1
DA:293,1
DA:294,5
DA:295,4
DA:296,4
DA:297,5
DA:298,5
DA:299,10
DA:300,10
DA:301,1
DA:302,1
DA:303,0
DA:304,0
DA:305,1
DA:306,10
DA:307,9
DA:308,9
DA:309,10
DA:310,10
DA:311,10
DA:312,1
DA:313,1
DA:314,22
DA:315,451
DA:316,451
DA:317,451
DA:318,451
DA:319,451
DA:320,451
DA:321,451
DA:322,451
DA:323,451
DA:324,451
DA:325,451
DA:326,451
DA:327,451
DA:328,451
DA:329,451
DA:330,451
DA:331,451
DA:332,451
DA:333,451
DA:334,22
DA:335,1
DA:336,1
DA:337,1
DA:338,1
DA:339,1
DA:340,1
DA:341,28
DA:342,28
DA:343,28
DA:344,28
DA:345,28
DA:346,1
DA:347,1
DA:348,4
DA:349,4
DA:350,4
DA:351,4
DA:352,0
DA:353,0
DA:354,4
DA:355,1
DA:356,1
DA:357,1
DA:358,1
LF:358
LH:310
BRDA:8,0,0,0
BRDA:24,1,0,22
BRDA:49,2,0,836
BRDA:50,3,0,451
BRDA:51,4,0,385
BRDA:51,5,0,216
BRDA:51,6,0,216
BRDA:52,7,0,169
BRDA:53,8,0,0
BRDA:56,9,0,169
BRDA:57,10,0,0
BRDA:58,11,0,169
BRDA:59,12,0,57
BRDA:60,13,0,0
BRDA:98,14,0,15
BRDA:111,15,0,2
BRDA:116,16,0,22
BRDA:125,17,0,4
BRDA:125,18,0,18
BRDA:128,19,0,0
BRDA:134,20,0,22
BRDA:135,21,0,0
BRDA:150,22,0,18
BRDA:156,23,0,22
BRDA:157,24,0,12
BRDA:157,25,0,10
BRDA:157,26,0,10
BRDA:159,27,0,241
BRDA:159,28,0,0
BRDA:160,29,0,241
BRDA:160,30,0,96
BRDA:160,31,0,145
BRDA:161,32,0,152
BRDA:161,33,0,0
BRDA:164,34,0,451
BRDA:165,35,0,213
BRDA:165,36,0,241
BRDA:165,37,0,634
BRDA:169,38,0,1
BRDA:173,39,0,0
BRDA:175,40,0,0
BRDA:184,41,0,8
BRDA:185,42,0,160
BRDA:188,43,0,6
BRDA:188,44,0,4
BRDA:188,45,0,2
BRDA:192,46,0,7
BRDA:201,47,0,2
BRDA:204,48,0,5
BRDA:218,49,0,2
BRDA:219,50,0,3
BRDA:223,51,0,0
BRDA:205,52,0,5
BRDA:206,53,0,1
BRDA:207,54,0,4
BRDA:229,55,0,3
BRDA:232,56,0,2
BRDA:246,57,0,10
BRDA:247,58,0,0
BRDA:250,59,0,0
BRDA:258,60,0,9
BRDA:262,61,0,0
BRDA:300,62,0,1
BRDA:306,63,0,9
BRDA:273,64,0,5
BRDA:274,65,0,5
BRDA:275,66,0,0
BRDA:277,67,0,0
BRDA:283,68,0,0
BRDA:290,69,0,1
BRDA:294,70,0,4
BRDA:313,71,0,22
BRDA:314,72,0,451
BRDA:315,73,0,0
BRDA:316,74,0,0
BRDA:317,75,0,0
BRDA:318,76,0,66
BRDA:318,77,0,385
BRDA:322,78,0,66
BRDA:322,79,0,385
BRDA:323,80,0,66
BRDA:323,81,0,385
BRDA:321,82,0,836
BRDA:340,83,0,28
BRDA:343,84,0,28
BRDA:347,85,0,4
BRDA:356,86,0,21
BRDA:358,87,0,4
BRF:88
BRH:68
end_of_record
