TN:
SF:src/main/ts/index.ts
FNF:0
FNH:0
DA:1,1
DA:2,1
DA:3,1
DA:4,1
DA:5,1
LF:5
LH:5
BRF:0
BRH:0
end_of_record
TN:
SF:src/main/ts/ps.ts
FN:7,noop
FN:20,parse
FN:25,parse
FN:30,parse
FN:80,lookup
FN:84,lookupSync
FN:91,runLookup
FN:97,handle
FN:103,run
FN:111,run
FN:112,callback
FN:122,tree
FN:134,treeSync
FN:147,pickFromTree
FN:153,pickTree
FN:166,kill
FN:176,settle
FN:212,scheduleKillTick
FN:220,runKillTick
FN:240,normalizeOutput
FN:256,filterProcessList
FN:270,removeWmicPrefix
FN:280,isBin
FNF:23
FNH:20
FNDA:53,noop
FNDA:0,parse
FNDA:46,parse
FNDA:0,parse
FNDA:41,lookup
FNDA:5,lookupSync
FNDA:46,runLookup
FNDA:46,handle
FNDA:0,run
FNDA:41,run
FNDA:41,callback
FNDA:4,tree
FNDA:3,treeSync
FNDA:7,pickFromTree
FNDA:10,pickTree
FNDA:12,kill
FNDA:9,settle
FNDA:33,scheduleKillTick
FNDA:27,runKillTick
FNDA:54,normalizeOutput
FNDA:51,filterProcessList
FNDA:2,removeWmicPrefix
FNDA:10349,isBin
DA:1,1
DA:2,1
DA:3,1
DA:4,1
DA:5,1
DA:6,1
DA:7,1
DA:8,1
DA:9,1
DA:10,1
DA:11,1
DA:12,1
DA:13,1
DA:14,1
DA:15,1
DA:16,1
DA:17,1
DA:18,1
DA:19,1
DA:20,1
DA:21,1
DA:22,1
DA:23,1
DA:24,1
DA:25,1
DA:26,1
DA:27,1
DA:28,1
DA:29,1
DA:30,1
DA:31,0
DA:32,0
DA:33,0
DA:34,0
DA:35,0
DA:36,0
DA:37,0
DA:38,0
DA:39,0
DA:40,0
DA:41,1
DA:42,1
DA:43,1
DA:44,1
DA:45,1
DA:46,1
DA:47,1
DA:48,1
DA:49,1
DA:50,1
DA:51,1
DA:52,1
DA:53,1
DA:54,1
DA:55,1
DA:56,1
DA:57,1
DA:58,1
DA:59,1
DA:60,1
DA:61,1
DA:62,1
DA:63,1
DA:64,1
DA:65,1
DA:66,1
DA:67,1
DA:68,1
DA:69,1
DA:70,1
DA:71,1
DA:72,1
DA:73,1
DA:74,1
DA:75,1
DA:76,1
DA:77,1
DA:78,1
DA:79,1
DA:80,1
DA:81,41
DA:82,1
DA:83,1
DA:84,1
DA:85,5
DA:86,1
DA:87,1
DA:88,1
DA:89,1
DA:90,1
DA:91,46
DA:92,46
DA:93,46
DA:94,46
DA:95,46
DA:96,46
DA:97,46
DA:98,46
DA:99,46
DA:100,46
DA:101,46
DA:102,46
DA:103,5
DA:104,5
DA:105,5
DA:106,5
DA:107,5
DA:108,41
DA:109,41
DA:110,41
DA:111,41
DA:112,41
DA:113,41
DA:114,41
DA:115,41
DA:116,41
DA:117,41
DA:118,41
DA:119,41
DA:120,1
DA:121,1
DA:122,1
DA:123,4
DA:124,4
DA:125,4
DA:126,4
DA:127,4
DA:128,0
DA:129,0
DA:130,0
DA:131,4
DA:132,1
DA:133,1
DA:134,1
DA:135,3
DA:136,3
DA:137,3
DA:138,3
DA:139,3
DA:140,0
DA:141,0
DA:142,0
DA:143,3
DA:144,1
DA:145,1
DA:146,1
DA:147,1
DA:148,7
DA:149,7
DA:150,7
DA:151,7
DA:152,1
DA:153,1
DA:154,10
DA:155,10
DA:156,10
DA:157,10
DA:158,10
DA:159,1
DA:160,1
DA:161,1
DA:162,1
DA:163,1
DA:164,1
DA:165,1
DA:166,1
DA:167,12
DA:168,12
DA:169,9
DA:170,12
DA:171,12
DA:172,12
DA:173,12
DA:174,9
DA:175,9
DA:176,9
DA:177,9
DA:178,9
DA:179,9
DA:180,9
DA:181,9
DA:182,4
DA:183,9
DA:184,9
DA:185,9
DA:186,9
DA:187,9
DA:188,9
DA:189,9
DA:190,9
DA:191,9
DA:192,3
DA:193,3
DA:194,3
DA:195,6
DA:196,6
DA:197,6
DA:198,6
DA:199,12
DA:200,12
DA:201,1
DA:202,1
DA:203,1
DA:204,1
DA:205,1
DA:206,1
DA:207,1
DA:208,1
DA:209,1
DA:210,1
DA:211,1
DA:212,1
DA:213,33
DA:214,27
DA:215,27
DA:216,33
DA:217,33
DA:218,33
DA:219,1
DA:220,1
DA:221,27
DA:222,27
DA:223,27
DA:224,27
DA:225,27
DA:226,27
DA:227,27
DA:228,27
DA:229,27
DA:230,27
DA:231,27
DA:232,27
DA:233,27
DA:234,27
DA:235,0
DA:236,0
DA:237,27
DA:238,27
DA:239,1
DA:240,1
DA:241,54
DA:242,8656
DA:243,8656
DA:244,8656
DA:245,8656
DA:246,8656
DA:247,8656
DA:248,8654
DA:249,8654
DA:250,8656
DA:251,8656
DA:252,8656
DA:253,8656
DA:254,8656
DA:255,1
DA:256,1
DA:257,51
DA:258,51
DA:259,51
DA:260,51
DA:261,51
DA:262,51
DA:263,8112
DA:264,8112
DA:265,8112
DA:266,6394
DA:267,51
DA:268,51
DA:269,1
DA:270,1
DA:271,2
DA:272,2
DA:273,2
DA:274,2
DA:275,2
DA:276,2
DA:277,2
DA:278,2
DA:279,1
DA:280,1
DA:281,10349
DA:282,10349
DA:283,10349
DA:284,10349
DA:285,1042
DA:286,10349
DA:287,1040
DA:288,10349
DA:289,10349
DA:290,0
DA:291,0
DA:292,10349
LF:292
LH:272
BRDA:10,0,0,0
BRDA:11,1,0,0
BRDA:7,2,0,53
BRDA:25,3,0,46
BRDA:80,4,0,41
BRDA:84,5,0,5
BRDA:91,6,0,46
BRDA:93,7,0,1
BRDA:93,8,0,45
BRDA:102,9,0,5
BRDA:104,10,0,0
BRDA:105,11,0,0
BRDA:108,12,0,41
BRDA:97,13,0,46
BRDA:98,14,0,0
BRDA:109,15,0,41
BRDA:111,16,0,41
BRDA:112,17,0,41
BRDA:114,18,0,0
BRDA:122,19,0,4
BRDA:127,20,0,0
BRDA:134,21,0,3
BRDA:139,22,0,0
BRDA:147,23,0,7
BRDA:148,24,0,1
BRDA:149,25,0,6
BRDA:149,26,0,2
BRDA:149,27,0,4
BRDA:153,28,0,10
BRDA:156,29,0,6
BRDA:157,30,0,4
BRDA:154,31,0,1769
BRDA:156,32,0,4
BRDA:166,33,0,12
BRDA:167,34,0,1
BRDA:168,35,0,11
BRDA:168,36,0,9
BRDA:168,37,0,2
BRDA:169,38,0,9
BRDA:170,39,0,3
BRDA:173,40,0,9
BRDA:191,41,0,3
BRDA:195,42,0,6
BRDA:176,43,0,9
BRDA:177,44,0,0
BRDA:181,45,0,5
BRDA:182,46,0,4
BRDA:183,47,0,2
BRDA:183,48,0,1
BRDA:187,49,0,2
BRDA:212,50,0,33
BRDA:213,51,0,31
BRDA:213,52,0,31
BRDA:213,53,0,6
BRDA:214,54,0,27
BRDA:216,55,0,4
BRDA:216,56,0,23
BRDA:220,57,0,27
BRDA:222,58,0,0
BRDA:225,59,0,27
BRDA:229,60,0,1
BRDA:230,61,0,26
BRDA:230,62,0,4
BRDA:226,63,0,4788
BRDA:240,64,0,54
BRDA:241,65,0,8656
BRDA:242,66,0,2
BRDA:242,67,0,8655
BRDA:243,68,0,3
BRDA:243,69,0,8654
BRDA:244,70,0,8655
BRDA:244,71,0,2
BRDA:244,72,0,1
BRDA:245,73,0,6964
BRDA:245,74,0,1692
BRDA:247,75,0,8655
BRDA:247,76,0,2
BRDA:248,77,0,8654
BRDA:250,78,0,6963
BRDA:250,79,0,1691
BRDA:251,80,0,6963
BRDA:251,81,0,1691
BRDA:249,82,0,10348
BRDA:256,83,0,51
BRDA:257,84,0,43
BRDA:257,85,0,8
BRDA:258,86,0,1
BRDA:258,87,0,50
BRDA:259,88,0,4
BRDA:259,89,0,47
BRDA:260,90,0,50
BRDA:260,91,0,1
BRDA:262,92,0,8112
BRDA:263,93,0,1204
BRDA:263,94,0,6914
BRDA:264,95,0,3
BRDA:264,96,0,6913
BRDA:265,97,0,527
BRDA:265,98,0,6394
BRDA:266,99,0,3
BRDA:270,100,0,2
BRDA:273,101,0,1
BRDA:274,102,0,1
BRDA:276,103,0,0
BRDA:280,104,0,10349
BRDA:281,105,0,8654
BRDA:282,106,0,1695
BRDA:282,107,0,654
BRDA:282,108,0,651
BRDA:283,109,0,1044
BRDA:284,110,0,2
BRDA:284,111,0,1
BRDA:284,112,0,1
BRDA:285,113,0,1042
BRDA:286,114,0,2
BRDA:287,115,0,1040
BRDA:288,116,0,247
BRDA:289,117,0,0
BRF:118
BRH:106
end_of_record
